<?xml version="1.0" encoding="UTF-8" ?>
<testsuite failures="0" time="10.548" errors="0" skipped="0" tests="3" name="gob.inap.identity.custom.UserStoreTest">
  <properties>
[...]
</properties>
  <testcase time="0.989" classname="gob.inap.identity.custom.UserStoreTest" name="testGetConnection"/>
  <testcase time="0.012" classname="gob.inap.identity.custom.UserStoreTest" name="testPreparePassword"/>
  <testcase time="9.451" classname="gob.inap.identity.custom.UserStoreTest" name="testValidate"/>
</testsuite>